for university: UCLA
for university: Stanford
for university: MIT
for university: NYU
for university: UCB
for university: USC
for university: Columbia
for university: Cornell
for university: CMU
for university: Yale
UCLA15update to be performedsize of word cloud: 1527
Stanford24update to be performedsize of word cloud: 1717
MIT29update to be performedsize of word cloud: 2084
NYU17update to be performedsize of word cloud: 1896
UCB14update to be performedsize of word cloud: 1238
USC11update to be performedsize of word cloud: 1420
Columbia11update to be performedsize of word cloud: 2007
Cornell11update to be performedsize of word cloud: 1421
CMU27update to be performedsize of word cloud: 1250
Yale22update to be performedsize of word cloud: 1251
