for university: UCLA
for university: Stanford
for university: MIT
for university: NYU
for university: UCB
for university: USC
for university: Columbia
for university: Cornell
for university: CMU
for university: Yale
UCLA15update to be performedsize of word cloud: 1576
Stanford23update to be performedsize of word cloud: 1773
MIT28update to be performedsize of word cloud: 2113
NYU18update to be performedsize of word cloud: 1906
UCB14update to be performedsize of word cloud: 1238
USC10update to be performedsize of word cloud: 1480
Columbia11update to be performedsize of word cloud: 2159
Cornell11update to be performedsize of word cloud: 1431
CMU36update to be performedsize of word cloud: 1278
Yale22update to be performedsize of word cloud: 1272
