for university: UCLA
for university: Stanford
for university: MIT
for university: NYU
for university: UCB
for university: USC
for university: Columbia
for university: Cornell
for university: CMU
for university: Yale
UCLA14update to be performedsize of word cloud: 1506
Stanford25update to be performedsize of word cloud: 1713
MIT32update to be performedsize of word cloud: 2077
NYU17update to be performedsize of word cloud: 1896
UCB14update to be performedsize of word cloud: 1233
USC10update to be performedsize of word cloud: 1377
Columbia12update to be performedsize of word cloud: 1965
Cornell12update to be performedsize of word cloud: 1421
CMU25update to be performedsize of word cloud: 1216
Yale22update to be performedsize of word cloud: 1251
