for university: UCLA
for university: Stanford
for university: MIT
for university: NYU
for university: UCB
for university: USC
for university: Columbia
for university: Cornell
for university: CMU
for university: Yale
UCLA16update to be performedsize of word cloud: 1126
Stanford27update to be performedsize of word cloud: 1206
MIT39update to be performedsize of word cloud: 1680
NYU14update to be performedsize of word cloud: 1556
UCB16update to be performedsize of word cloud: 950
USC8update to be performedsize of word cloud: 1148
Columbia13update to be performedsize of word cloud: 1602
Cornell13update to be performedsize of word cloud: 1078
CMU29update to be performedsize of word cloud: 932
Yale21update to be performedsize of word cloud: 1113
