for university: UCLA
for university: Stanford
for university: MIT
for university: NYU
for university: UCB
for university: USC
for university: Columbia
for university: Cornell
for university: CMU
for university: Yale
UCLA9update to be performedsize of word cloud: 992
Stanford42update to be performedsize of word cloud: 944
MIT42update to be performedsize of word cloud: 1320
NYU16update to be performedsize of word cloud: 1224
UCB15update to be performedsize of word cloud: 867
USC0update to be performedsize of word cloud: 912
Columbia13update to be performedsize of word cloud: 1220
Cornell13update to be performedsize of word cloud: 926
CMU30update to be performedsize of word cloud: 837
Yale15update to be performedsize of word cloud: 933
