for university: UCLA
for university: Stanford
for university: MIT
for university: NYU
for university: UCB
for university: USC
for university: Columbia
for university: Cornell
for university: CMU
for university: Yale
UCLA14update to be performedsize of word cloud: 2544
Stanford25update to be performedsize of word cloud: 2444
MIT26update to be performedsize of word cloud: 2709
NYU20update to be performedsize of word cloud: 2141
UCB13update to be performedsize of word cloud: 1375
USC9update to be performedsize of word cloud: 2235
Columbia9update to be performedsize of word cloud: 3154
Cornell15update to be performedsize of word cloud: 1676
CMU35update to be performedsize of word cloud: 1463
Yale28update to be performedsize of word cloud: 1550
