for university: UCLA
for university: Stanford
for university: MIT
for university: NYU
for university: UCB
for university: USC
for university: Columbia
for university: Cornell
for university: CMU
for university: Yale
UCLA16update to be performedsize of word cloud: 2697
Stanford25update to be performedsize of word cloud: 3465
MIT26update to be performedsize of word cloud: 3458
NYU15update to be performedsize of word cloud: 3103
UCB12update to be performedsize of word cloud: 1629
USC6update to be performedsize of word cloud: 2262
Columbia8update to be performedsize of word cloud: 3186
Cornell17update to be performedsize of word cloud: 2231
CMU22update to be performedsize of word cloud: 1992
Yale27update to be performedsize of word cloud: 2380
