for university: UCLA
for university: Stanford
for university: MIT
for university: NYU
for university: UCB
for university: USC
for university: Columbia
for university: Cornell
for university: CMU
for university: Yale
UCLA14update to be performedsize of word cloud: 2480
Stanford25update to be performedsize of word cloud: 2337
MIT26update to be performedsize of word cloud: 2629
NYU21update to be performedsize of word cloud: 2073
UCB13update to be performedsize of word cloud: 1356
USC10update to be performedsize of word cloud: 2063
Columbia9update to be performedsize of word cloud: 3259
Cornell13update to be performedsize of word cloud: 1653
CMU36update to be performedsize of word cloud: 1395
Yale29update to be performedsize of word cloud: 1505
