for university: UCLA
for university: Stanford
for university: MIT
for university: NYU
for university: UCB
for university: USC
for university: Columbia
for university: Cornell
for university: CMU
for university: Yale
UCLA17update to be performedsize of word cloud: 1949
Stanford25update to be performedsize of word cloud: 2114
MIT24update to be performedsize of word cloud: 2437
NYU20update to be performedsize of word cloud: 1981
UCB13update to be performedsize of word cloud: 1312
USC10update to be performedsize of word cloud: 1885
Columbia11update to be performedsize of word cloud: 3169
Cornell12update to be performedsize of word cloud: 1552
CMU38update to be performedsize of word cloud: 1380
Yale29update to be performedsize of word cloud: 1434
