for university: UCLA
for university: Stanford
for university: MIT
for university: NYU
for university: UCB
for university: USC
for university: Columbia
for university: Cornell
for university: CMU
for university: Yale
UCLA16update to be performedsize of word cloud: 1893
Stanford24update to be performedsize of word cloud: 2063
MIT24update to be performedsize of word cloud: 2382
NYU20update to be performedsize of word cloud: 1954
UCB13update to be performedsize of word cloud: 1312
USC10update to be performedsize of word cloud: 1846
Columbia10update to be performedsize of word cloud: 2855
Cornell12update to be performedsize of word cloud: 1493
CMU39update to be performedsize of word cloud: 1365
Yale28update to be performedsize of word cloud: 1412
