for university: UCLA
for university: Stanford
for university: MIT
for university: NYU
for university: UCB
for university: USC
for university: Columbia
for university: Cornell
for university: CMU
for university: Yale
UCLA17update to be performedsize of word cloud: 2033
Stanford25update to be performedsize of word cloud: 2162
MIT24update to be performedsize of word cloud: 2508
NYU20update to be performedsize of word cloud: 2026
UCB13update to be performedsize of word cloud: 1326
USC10update to be performedsize of word cloud: 1933
Columbia11update to be performedsize of word cloud: 3299
Cornell12update to be performedsize of word cloud: 1585
CMU37update to be performedsize of word cloud: 1390
Yale29update to be performedsize of word cloud: 1459
