for university: UCLA
for university: Stanford
for university: MIT
for university: NYU
for university: UCB
for university: USC
for university: Columbia
for university: Cornell
for university: CMU
for university: Yale
UCLA16update to be performedsize of word cloud: 1867
Stanford23update to be performedsize of word cloud: 2026
MIT25update to be performedsize of word cloud: 2329
NYU19update to be performedsize of word cloud: 1954
UCB13update to be performedsize of word cloud: 1311
USC9update to be performedsize of word cloud: 1829
Columbia10update to be performedsize of word cloud: 2757
Cornell12update to be performedsize of word cloud: 1485
CMU40update to be performedsize of word cloud: 1323
Yale26update to be performedsize of word cloud: 1389
