for university: UCLA
for university: Stanford
for university: MIT
for university: NYU
for university: UCB
for university: USC
for university: Columbia
for university: Cornell
for university: CMU
for university: Yale
UCLA14update to be performedsize of word cloud: 2414
Stanford25update to be performedsize of word cloud: 2546
MIT25update to be performedsize of word cloud: 2778
NYU20update to be performedsize of word cloud: 2178
UCB12update to be performedsize of word cloud: 1402
USC9update to be performedsize of word cloud: 2329
Columbia9update to be performedsize of word cloud: 3170
Cornell16update to be performedsize of word cloud: 1687
CMU35update to be performedsize of word cloud: 1503
Yale28update to be performedsize of word cloud: 1556
