for university: UCLA
for university: Stanford
for university: MIT
for university: NYU
for university: UCB
for university: USC
for university: Columbia
for university: Cornell
for university: CMU
for university: Yale
UCLA17update to be performedsize of word cloud: 2608
Stanford26update to be performedsize of word cloud: 3384
MIT26update to be performedsize of word cloud: 3449
NYU16update to be performedsize of word cloud: 2884
UCB12update to be performedsize of word cloud: 1595
USC7update to be performedsize of word cloud: 2490
Columbia8update to be performedsize of word cloud: 3200
Cornell16update to be performedsize of word cloud: 2103
CMU24update to be performedsize of word cloud: 1916
Yale25update to be performedsize of word cloud: 2219
