for university: UCLA
for university: Stanford
for university: MIT
for university: NYU
for university: UCB
for university: USC
for university: Columbia
for university: Cornell
for university: CMU
for university: Yale
UCLA17update to be performedsize of word cloud: 2670
Stanford26update to be performedsize of word cloud: 3305
MIT26update to be performedsize of word cloud: 3419
NYU17update to be performedsize of word cloud: 2695
UCB11update to be performedsize of word cloud: 1527
USC8update to be performedsize of word cloud: 2446
Columbia8update to be performedsize of word cloud: 3238
Cornell16update to be performedsize of word cloud: 2023
CMU28update to be performedsize of word cloud: 1833
Yale24update to be performedsize of word cloud: 2032
