for university: UCLA
for university: Stanford
for university: MIT
for university: NYU
for university: UCB
for university: USC
for university: Columbia
for university: Cornell
for university: CMU
for university: Yale
UCLA16update to be performedsize of word cloud: 1861
Stanford23update to be performedsize of word cloud: 2017
MIT25update to be performedsize of word cloud: 2297
NYU19update to be performedsize of word cloud: 1951
UCB13update to be performedsize of word cloud: 1292
USC9update to be performedsize of word cloud: 1825
Columbia10update to be performedsize of word cloud: 2743
Cornell12update to be performedsize of word cloud: 1478
CMU40update to be performedsize of word cloud: 1323
Yale25update to be performedsize of word cloud: 1349
