for university: UCLA
for university: Stanford
for university: MIT
for university: NYU
for university: UCB
for university: USC
for university: Columbia
for university: Cornell
for university: CMU
for university: Yale
UCLA17update to be performedsize of word cloud: 2616
Stanford25update to be performedsize of word cloud: 3362
MIT26update to be performedsize of word cloud: 3427
NYU16update to be performedsize of word cloud: 2943
UCB12update to be performedsize of word cloud: 1599
USC7update to be performedsize of word cloud: 2272
Columbia8update to be performedsize of word cloud: 3082
Cornell17update to be performedsize of word cloud: 2177
CMU23update to be performedsize of word cloud: 1935
Yale26update to be performedsize of word cloud: 2282
