for university: UCLA
for university: Stanford
for university: MIT
for university: NYU
for university: UCB
for university: USC
for university: Columbia
for university: Cornell
for university: CMU
for university: Yale
UCLA16update to be performedsize of word cloud: 2681
Stanford25update to be performedsize of word cloud: 3439
MIT27update to be performedsize of word cloud: 3418
NYU15update to be performedsize of word cloud: 3106
UCB12update to be performedsize of word cloud: 1652
USC6update to be performedsize of word cloud: 2257
Columbia8update to be performedsize of word cloud: 3219
Cornell17update to be performedsize of word cloud: 2244
CMU22update to be performedsize of word cloud: 1975
Yale27update to be performedsize of word cloud: 2393
