for university: UCLA
for university: Stanford
for university: MIT
for university: NYU
for university: UCB
for university: USC
for university: Columbia
for university: Cornell
for university: CMU
for university: Yale
UCLA17update to be performedsize of word cloud: 2709
Stanford26update to be performedsize of word cloud: 3341
MIT26update to be performedsize of word cloud: 3442
NYU17update to be performedsize of word cloud: 2766
UCB11update to be performedsize of word cloud: 1558
USC8update to be performedsize of word cloud: 2431
Columbia8update to be performedsize of word cloud: 3234
Cornell16update to be performedsize of word cloud: 2048
CMU26update to be performedsize of word cloud: 1862
Yale24update to be performedsize of word cloud: 2084
