for university: UCLA
for university: Stanford
for university: MIT
for university: NYU
for university: UCB
for university: USC
for university: Columbia
for university: Cornell
for university: CMU
for university: Yale
UCLA16update to be performedsize of word cloud: 1893
Stanford24update to be performedsize of word cloud: 2058
MIT24update to be performedsize of word cloud: 2377
NYU20update to be performedsize of word cloud: 1954
UCB13update to be performedsize of word cloud: 1311
USC10update to be performedsize of word cloud: 1846
Columbia10update to be performedsize of word cloud: 2826
Cornell12update to be performedsize of word cloud: 1485
CMU39update to be performedsize of word cloud: 1359
Yale27update to be performedsize of word cloud: 1400
