for university: UCLA
for university: Stanford
for university: MIT
for university: NYU
for university: UCB
for university: USC
for university: Columbia
for university: Cornell
for university: CMU
for university: Yale
UCLA15update to be performedsize of word cloud: 1688
Stanford23update to be performedsize of word cloud: 1945
MIT26update to be performedsize of word cloud: 2207
NYU19update to be performedsize of word cloud: 1951
UCB13update to be performedsize of word cloud: 1277
USC9update to be performedsize of word cloud: 1673
Columbia9update to be performedsize of word cloud: 2527
Cornell11update to be performedsize of word cloud: 1470
CMU40update to be performedsize of word cloud: 1320
Yale23update to be performedsize of word cloud: 1310
