for university: UCLA
for university: Stanford
for university: MIT
for university: NYU
for university: UCB
for university: USC
for university: Columbia
for university: Cornell
for university: CMU
for university: Yale
UCLA16update to be performedsize of word cloud: 1901
Stanford25update to be performedsize of word cloud: 2076
MIT24update to be performedsize of word cloud: 2391
NYU20update to be performedsize of word cloud: 1954
UCB13update to be performedsize of word cloud: 1312
USC10update to be performedsize of word cloud: 1857
Columbia9update to be performedsize of word cloud: 2910
Cornell12update to be performedsize of word cloud: 1493
CMU39update to be performedsize of word cloud: 1365
Yale29update to be performedsize of word cloud: 1414
