for university: UCLA
for university: Stanford
for university: MIT
for university: NYU
for university: UCB
for university: USC
for university: Columbia
for university: Cornell
for university: CMU
for university: Yale
UCLA18update to be performedsize of word cloud: 2528
Stanford26update to be performedsize of word cloud: 3103
MIT27update to be performedsize of word cloud: 3338
NYU19update to be performedsize of word cloud: 2507
UCB11update to be performedsize of word cloud: 1478
USC10update to be performedsize of word cloud: 2524
Columbia9update to be performedsize of word cloud: 3221
Cornell18update to be performedsize of word cloud: 1868
CMU29update to be performedsize of word cloud: 1739
Yale25update to be performedsize of word cloud: 1954
