for university: UCLA
for university: Stanford
for university: MIT
for university: NYU
for university: UCB
for university: USC
for university: Columbia
for university: Cornell
for university: CMU
for university: Yale
UCLA17update to be performedsize of word cloud: 2659
Stanford26update to be performedsize of word cloud: 3354
MIT26update to be performedsize of word cloud: 3470
NYU16update to be performedsize of word cloud: 2798
UCB11update to be performedsize of word cloud: 1561
USC8update to be performedsize of word cloud: 2430
Columbia8update to be performedsize of word cloud: 3208
Cornell16update to be performedsize of word cloud: 2080
CMU26update to be performedsize of word cloud: 1868
Yale25update to be performedsize of word cloud: 2128
