for university: UCLA
for university: Stanford
for university: MIT
for university: NYU
for university: UCB
for university: USC
for university: Columbia
for university: Cornell
for university: CMU
for university: Yale
UCLA14update to be performedsize of word cloud: 2572
Stanford26update to be performedsize of word cloud: 2964
MIT27update to be performedsize of word cloud: 3145
NYU19update to be performedsize of word cloud: 2462
UCB12update to be performedsize of word cloud: 1450
USC9update to be performedsize of word cloud: 2469
Columbia9update to be performedsize of word cloud: 3194
Cornell18update to be performedsize of word cloud: 1823
CMU31update to be performedsize of word cloud: 1618
Yale25update to be performedsize of word cloud: 1886
