for university: UCLA
for university: Stanford
for university: MIT
for university: NYU
for university: UCB
for university: USC
for university: Columbia
for university: Cornell
for university: CMU
for university: Yale
UCLA14update to be performedsize of word cloud: 2453
Stanford27update to be performedsize of word cloud: 2727
MIT25update to be performedsize of word cloud: 3031
NYU19update to be performedsize of word cloud: 2308
UCB12update to be performedsize of word cloud: 1432
USC9update to be performedsize of word cloud: 2349
Columbia9update to be performedsize of word cloud: 3198
Cornell17update to be performedsize of word cloud: 1771
CMU32update to be performedsize of word cloud: 1605
Yale27update to be performedsize of word cloud: 1649
