for university: UCLA
for university: Stanford
for university: MIT
for university: NYU
for university: UCB
for university: USC
for university: Columbia
for university: Cornell
for university: CMU
for university: Yale
UCLA15update to be performedsize of word cloud: 1817
Stanford23update to be performedsize of word cloud: 1975
MIT26update to be performedsize of word cloud: 2242
NYU19update to be performedsize of word cloud: 1951
UCB13update to be performedsize of word cloud: 1287
USC9update to be performedsize of word cloud: 1753
Columbia9update to be performedsize of word cloud: 2680
Cornell11update to be performedsize of word cloud: 1476
CMU40update to be performedsize of word cloud: 1320
Yale24update to be performedsize of word cloud: 1346
