for university: UCLA
for university: Stanford
for university: MIT
for university: NYU
for university: UCB
for university: USC
for university: Columbia
for university: Cornell
for university: CMU
for university: Yale
UCLA17update to be performedsize of word cloud: 2681
Stanford26update to be performedsize of word cloud: 3319
MIT26update to be performedsize of word cloud: 3432
NYU17update to be performedsize of word cloud: 2710
UCB11update to be performedsize of word cloud: 1540
USC8update to be performedsize of word cloud: 2461
Columbia8update to be performedsize of word cloud: 3230
Cornell16update to be performedsize of word cloud: 2023
CMU27update to be performedsize of word cloud: 1841
Yale24update to be performedsize of word cloud: 2060
