for university: UCLA
for university: Stanford
for university: MIT
for university: NYU
for university: UCB
for university: USC
for university: Columbia
for university: Cornell
for university: CMU
for university: Yale
UCLA17update to be performedsize of word cloud: 2688
Stanford24update to be performedsize of word cloud: 3426
MIT26update to be performedsize of word cloud: 3444
NYU16update to be performedsize of word cloud: 3038
UCB12update to be performedsize of word cloud: 1613
USC6update to be performedsize of word cloud: 2285
Columbia8update to be performedsize of word cloud: 3093
Cornell17update to be performedsize of word cloud: 2213
CMU22update to be performedsize of word cloud: 1981
Yale27update to be performedsize of word cloud: 2357
