for university: UCLA
for university: Stanford
for university: MIT
for university: NYU
for university: UCB
for university: USC
for university: Columbia
for university: Cornell
for university: CMU
for university: Yale
UCLA15update to be performedsize of word cloud: 1664
Stanford23update to be performedsize of word cloud: 1895
MIT26update to be performedsize of word cloud: 2194
NYU19update to be performedsize of word cloud: 1939
UCB13update to be performedsize of word cloud: 1267
USC9update to be performedsize of word cloud: 1625
Columbia10update to be performedsize of word cloud: 2480
Cornell11update to be performedsize of word cloud: 1453
CMU40update to be performedsize of word cloud: 1306
Yale23update to be performedsize of word cloud: 1302
