for university: UCLA
for university: Stanford
for university: MIT
for university: NYU
for university: UCB
for university: USC
for university: Columbia
for university: Cornell
for university: CMU
for university: Yale
UCLA14update to be performedsize of word cloud: 2382
Stanford26update to be performedsize of word cloud: 2587
MIT24update to be performedsize of word cloud: 2891
NYU19update to be performedsize of word cloud: 2195
UCB12update to be performedsize of word cloud: 1420
USC9update to be performedsize of word cloud: 2352
Columbia9update to be performedsize of word cloud: 3166
Cornell17update to be performedsize of word cloud: 1706
CMU33update to be performedsize of word cloud: 1559
Yale28update to be performedsize of word cloud: 1572
