for university: UCLA
for university: Stanford
for university: MIT
for university: NYU
for university: UCB
for university: USC
for university: Columbia
for university: Cornell
for university: CMU
for university: Yale
UCLA16update to be performedsize of word cloud: 1936
Stanford25update to be performedsize of word cloud: 2091
MIT24update to be performedsize of word cloud: 2403
NYU20update to be performedsize of word cloud: 1969
UCB13update to be performedsize of word cloud: 1312
USC10update to be performedsize of word cloud: 1861
Columbia10update to be performedsize of word cloud: 3018
Cornell12update to be performedsize of word cloud: 1513
CMU38update to be performedsize of word cloud: 1373
Yale29update to be performedsize of word cloud: 1414
