for university: UCLA
for university: Stanford
for university: MIT
for university: NYU
for university: UCB
for university: USC
for university: Columbia
for university: Cornell
for university: CMU
for university: Yale
UCLA15update to be performedsize of word cloud: 1619
Stanford23update to be performedsize of word cloud: 1831
MIT27update to be performedsize of word cloud: 2146
NYU19update to be performedsize of word cloud: 1918
UCB13update to be performedsize of word cloud: 1238
USC10update to be performedsize of word cloud: 1495
Columbia10update to be performedsize of word cloud: 2287
Cornell11update to be performedsize of word cloud: 1446
CMU39update to be performedsize of word cloud: 1299
Yale23update to be performedsize of word cloud: 1284
