for university: UCLA
for university: Stanford
for university: MIT
for university: NYU
for university: UCB
for university: USC
for university: Columbia
for university: Cornell
for university: CMU
for university: Yale
UCLA17update to be performedsize of word cloud: 1993
Stanford25update to be performedsize of word cloud: 2133
MIT24update to be performedsize of word cloud: 2460
NYU20update to be performedsize of word cloud: 2001
UCB13update to be performedsize of word cloud: 1321
USC10update to be performedsize of word cloud: 1913
Columbia11update to be performedsize of word cloud: 3315
Cornell12update to be performedsize of word cloud: 1579
CMU38update to be performedsize of word cloud: 1385
Yale29update to be performedsize of word cloud: 1454
