for university: UCLA
for university: Stanford
for university: MIT
for university: NYU
for university: UCB
for university: USC
for university: Columbia
for university: Cornell
for university: CMU
for university: Yale
UCLA17update to be performedsize of word cloud: 2602
Stanford25update to be performedsize of word cloud: 3394
MIT26update to be performedsize of word cloud: 3445
NYU16update to be performedsize of word cloud: 2926
UCB12update to be performedsize of word cloud: 1599
USC7update to be performedsize of word cloud: 2384
Columbia8update to be performedsize of word cloud: 3153
Cornell17update to be performedsize of word cloud: 2166
CMU24update to be performedsize of word cloud: 1935
Yale25update to be performedsize of word cloud: 2264
