for university: UCLA
for university: Stanford
for university: MIT
for university: NYU
for university: UCB
for university: USC
for university: Columbia
for university: Cornell
for university: CMU
for university: Yale
UCLA17update to be performedsize of word cloud: 2638
Stanford26update to be performedsize of word cloud: 3393
MIT26update to be performedsize of word cloud: 3463
NYU16update to be performedsize of word cloud: 2819
UCB12update to be performedsize of word cloud: 1585
USC7update to be performedsize of word cloud: 2462
Columbia8update to be performedsize of word cloud: 3257
Cornell16update to be performedsize of word cloud: 2080
CMU25update to be performedsize of word cloud: 1884
Yale25update to be performedsize of word cloud: 2150
