for university: UCLA
for university: Stanford
for university: MIT
for university: NYU
for university: UCB
for university: USC
for university: Columbia
for university: Cornell
for university: CMU
for university: Yale
UCLA15update to be performedsize of word cloud: 2427
Stanford25update to be performedsize of word cloud: 2299
MIT26update to be performedsize of word cloud: 2591
NYU21update to be performedsize of word cloud: 2052
UCB13update to be performedsize of word cloud: 1352
USC10update to be performedsize of word cloud: 2037
Columbia9update to be performedsize of word cloud: 3237
Cornell13update to be performedsize of word cloud: 1630
CMU36update to be performedsize of word cloud: 1390
Yale29update to be performedsize of word cloud: 1495
