for university: UCLA
for university: Stanford
for university: MIT
for university: NYU
for university: UCB
for university: USC
for university: Columbia
for university: Cornell
for university: CMU
for university: Yale
UCLA17update to be performedsize of word cloud: 2517
Stanford26update to be performedsize of word cloud: 3070
MIT27update to be performedsize of word cloud: 3252
NYU19update to be performedsize of word cloud: 2498
UCB12update to be performedsize of word cloud: 1456
USC10update to be performedsize of word cloud: 2508
Columbia9update to be performedsize of word cloud: 3253
Cornell18update to be performedsize of word cloud: 1867
CMU30update to be performedsize of word cloud: 1690
Yale25update to be performedsize of word cloud: 1927
