for university: UCLA
for university: Stanford
for university: MIT
for university: NYU
for university: UCB
for university: USC
for university: Columbia
for university: Cornell
for university: CMU
for university: Yale
UCLA17update to be performedsize of word cloud: 2099
Stanford25update to be performedsize of word cloud: 2197
MIT25update to be performedsize of word cloud: 2564
NYU21update to be performedsize of word cloud: 2037
UCB13update to be performedsize of word cloud: 1326
USC10update to be performedsize of word cloud: 1980
Columbia10update to be performedsize of word cloud: 3272
Cornell13update to be performedsize of word cloud: 1610
CMU37update to be performedsize of word cloud: 1390
Yale29update to be performedsize of word cloud: 1466
