for university: UCLA
for university: Stanford
for university: MIT
for university: NYU
for university: UCB
for university: USC
for university: Columbia
for university: Cornell
for university: CMU
for university: Yale
UCLA16update to be performedsize of word cloud: 2737
Stanford24update to be performedsize of word cloud: 3454
MIT28update to be performedsize of word cloud: 3399
NYU15update to be performedsize of word cloud: 3144
UCB12update to be performedsize of word cloud: 1656
USC6update to be performedsize of word cloud: 2257
Columbia8update to be performedsize of word cloud: 3232
Cornell17update to be performedsize of word cloud: 2296
CMU22update to be performedsize of word cloud: 1973
Yale27update to be performedsize of word cloud: 2547
