for university: UCLA
for university: Stanford
for university: MIT
for university: NYU
for university: UCB
for university: USC
for university: Columbia
for university: Cornell
for university: CMU
for university: Yale
UCLA17update to be performedsize of word cloud: 2750
Stanford24update to be performedsize of word cloud: 3461
MIT26update to be performedsize of word cloud: 3448
NYU15update to be performedsize of word cloud: 3072
UCB12update to be performedsize of word cloud: 1613
USC6update to be performedsize of word cloud: 2274
Columbia8update to be performedsize of word cloud: 3149
Cornell17update to be performedsize of word cloud: 2226
CMU22update to be performedsize of word cloud: 1988
Yale27update to be performedsize of word cloud: 2369
