for university: UCLA
for university: Stanford
for university: MIT
for university: NYU
for university: UCB
for university: USC
for university: Columbia
for university: Cornell
for university: CMU
for university: Yale
UCLA18update to be performedsize of word cloud: 2627
Stanford25update to be performedsize of word cloud: 3293
MIT26update to be performedsize of word cloud: 3404
NYU17update to be performedsize of word cloud: 2690
UCB11update to be performedsize of word cloud: 1527
USC9update to be performedsize of word cloud: 2522
Columbia8update to be performedsize of word cloud: 3229
Cornell17update to be performedsize of word cloud: 2007
CMU28update to be performedsize of word cloud: 1805
Yale24update to be performedsize of word cloud: 2032
