for university: UCLA
for university: Stanford
for university: MIT
for university: NYU
for university: UCB
for university: USC
for university: Columbia
for university: Cornell
for university: CMU
for university: Yale
UCLA18update to be performedsize of word cloud: 2591
Stanford26update to be performedsize of word cloud: 3225
MIT27update to be performedsize of word cloud: 3404
NYU18update to be performedsize of word cloud: 2606
UCB11update to be performedsize of word cloud: 1502
USC10update to be performedsize of word cloud: 2507
Columbia9update to be performedsize of word cloud: 3257
Cornell17update to be performedsize of word cloud: 1955
CMU29update to be performedsize of word cloud: 1766
Yale25update to be performedsize of word cloud: 1995
