for university: UCLA
for university: Stanford
for university: MIT
for university: NYU
for university: UCB
for university: USC
for university: Columbia
for university: Cornell
for university: CMU
for university: Yale
UCLA16update to be performedsize of word cloud: 1877
Stanford23update to be performedsize of word cloud: 2033
MIT24update to be performedsize of word cloud: 2351
NYU19update to be performedsize of word cloud: 1954
UCB13update to be performedsize of word cloud: 1311
USC10update to be performedsize of word cloud: 1834
Columbia10update to be performedsize of word cloud: 2777
Cornell12update to be performedsize of word cloud: 1485
CMU39update to be performedsize of word cloud: 1338
Yale27update to be performedsize of word cloud: 1399
