for university: UCLA
for university: Stanford
for university: MIT
for university: NYU
for university: UCB
for university: USC
for university: Columbia
for university: Cornell
for university: CMU
for university: Yale
UCLA16update to be performedsize of word cloud: 2803
Stanford24update to be performedsize of word cloud: 3352
MIT28update to be performedsize of word cloud: 3401
NYU15update to be performedsize of word cloud: 3112
UCB12update to be performedsize of word cloud: 1684
USC6update to be performedsize of word cloud: 2205
Columbia8update to be performedsize of word cloud: 3279
Cornell18update to be performedsize of word cloud: 2347
CMU22update to be performedsize of word cloud: 1993
Yale26update to be performedsize of word cloud: 2700
