for university: UCLA
for university: Stanford
for university: MIT
for university: NYU
for university: UCB
for university: USC
for university: Columbia
for university: Cornell
for university: CMU
for university: Yale
UCLA16update to be performedsize of word cloud: 1830
Stanford23update to be performedsize of word cloud: 1980
MIT26update to be performedsize of word cloud: 2270
NYU19update to be performedsize of word cloud: 1951
UCB13update to be performedsize of word cloud: 1292
USC9update to be performedsize of word cloud: 1776
Columbia9update to be performedsize of word cloud: 2693
Cornell11update to be performedsize of word cloud: 1476
CMU40update to be performedsize of word cloud: 1323
Yale24update to be performedsize of word cloud: 1346
