for university: UCLA
for university: Stanford
for university: MIT
for university: NYU
for university: UCB
for university: USC
for university: Columbia
for university: Cornell
for university: CMU
for university: Yale
UCLA16update to be performedsize of word cloud: 2350
Stanford25update to be performedsize of word cloud: 2247
MIT26update to be performedsize of word cloud: 2578
NYU21update to be performedsize of word cloud: 2052
UCB13update to be performedsize of word cloud: 1338
USC10update to be performedsize of word cloud: 2010
Columbia10update to be performedsize of word cloud: 3260
Cornell13update to be performedsize of word cloud: 1626
CMU36update to be performedsize of word cloud: 1390
Yale29update to be performedsize of word cloud: 1487
