for university: UCLA
for university: Stanford
for university: MIT
for university: NYU
for university: UCB
for university: USC
for university: Columbia
for university: Cornell
for university: CMU
for university: Yale
UCLA15update to be performedsize of word cloud: 1648
Stanford23update to be performedsize of word cloud: 1876
MIT26update to be performedsize of word cloud: 2156
NYU19update to be performedsize of word cloud: 1933
UCB13update to be performedsize of word cloud: 1251
USC10update to be performedsize of word cloud: 1546
Columbia10update to be performedsize of word cloud: 2397
Cornell11update to be performedsize of word cloud: 1453
CMU40update to be performedsize of word cloud: 1304
Yale23update to be performedsize of word cloud: 1295
