for university: UCLA
for university: Stanford
for university: MIT
for university: NYU
for university: UCB
for university: USC
for university: Columbia
for university: Cornell
for university: CMU
for university: Yale
UCLA16update to be performedsize of word cloud: 2799
Stanford24update to be performedsize of word cloud: 3397
MIT28update to be performedsize of word cloud: 3402
NYU15update to be performedsize of word cloud: 3128
UCB12update to be performedsize of word cloud: 1675
USC6update to be performedsize of word cloud: 2277
Columbia8update to be performedsize of word cloud: 3272
Cornell17update to be performedsize of word cloud: 2325
CMU22update to be performedsize of word cloud: 1995
Yale27update to be performedsize of word cloud: 2653
