for university: UCLA
for university: Stanford
for university: MIT
for university: NYU
for university: UCB
for university: USC
for university: Columbia
for university: Cornell
for university: CMU
for university: Yale
UCLA17update to be performedsize of word cloud: 2620
Stanford26update to be performedsize of word cloud: 3375
MIT26update to be performedsize of word cloud: 3466
NYU16update to be performedsize of word cloud: 2810
UCB12update to be performedsize of word cloud: 1575
USC7update to be performedsize of word cloud: 2470
Columbia8update to be performedsize of word cloud: 3225
Cornell16update to be performedsize of word cloud: 2080
CMU26update to be performedsize of word cloud: 1879
Yale25update to be performedsize of word cloud: 2143
