for university: UCLA
for university: Stanford
for university: MIT
for university: NYU
for university: UCB
for university: USC
for university: Columbia
for university: Cornell
for university: CMU
for university: Yale
UCLA15update to be performedsize of word cloud: 1791
Stanford23update to be performedsize of word cloud: 1973
MIT26update to be performedsize of word cloud: 2228
NYU19update to be performedsize of word cloud: 1951
UCB13update to be performedsize of word cloud: 1287
USC9update to be performedsize of word cloud: 1729
Columbia9update to be performedsize of word cloud: 2632
Cornell11update to be performedsize of word cloud: 1474
CMU40update to be performedsize of word cloud: 1320
Yale23update to be performedsize of word cloud: 1327
