for university: UCLA
for university: Stanford
for university: MIT
for university: NYU
for university: UCB
for university: USC
for university: Columbia
for university: Cornell
for university: CMU
for university: Yale
UCLA17update to be performedsize of word cloud: 2635
Stanford24update to be performedsize of word cloud: 3386
MIT26update to be performedsize of word cloud: 3420
NYU16update to be performedsize of word cloud: 2943
UCB12update to be performedsize of word cloud: 1599
USC6update to be performedsize of word cloud: 2291
Columbia8update to be performedsize of word cloud: 3119
Cornell17update to be performedsize of word cloud: 2202
CMU22update to be performedsize of word cloud: 1957
Yale27update to be performedsize of word cloud: 2302
